# JRE version: Java(TM) SE Runtime Environment (17.0.2+8) (build 17.0.2+8-LTS-86)
# Java VM: Java HotSpot(TM) 64-Bit Server VM (17.0.2+8-LTS-86, mixed mode, sharing, tiered, compressed oops, compressed class ptrs, g1 gc, windows-amd64)
GC Precious Log:
 CPUs: 8 total, 8 available
 Memory: 7985M
 Large Page Support: Disabled
 NUMA Support: Disabled
 Compressed Oops: Enabled (32-bit)
 Heap Region Size: 1M
 Heap Min Capacity: 8M
 Heap Initial Capacity: 126M
 Heap Max Capacity: 2G
 Pre-touch: Disabled
 Parallel Workers: 8
 Concurrent Workers: 2
 Concurrent Refinement Workers: 8
 Periodic GC: Disabled
Heap:
 garbage-first heap   total 444416K, used 278458K [0x0000000080000000, 0x0000000100000000)
  region size 1024K, 2 young (2048K), 2 survivors (2048K)
 Metaspace       used 116321K, committed 117312K, reserved 528384K
  class space    used 16430K, committed 16960K, reserved 421888K
GC Heap History (20 events):
Event: 13.056 GC heap after
{Heap after GC invocations=41 (full 0):
 garbage-first heap   total 199680K, used 113059K [0x0000000080000000, 0x0000000100000000)
  region size 1024K, 8 young (8192K), 8 survivors (8192K)
 Metaspace       used 92402K, committed 93248K, reserved 503808K
  class space    used 13056K, committed 13440K, reserved 421888K
}
Event: 13.062 GC heap before
{Heap before GC invocations=41 (full 0):
 garbage-first heap   total 199680K, used 114083K [0x0000000080000000, 0x0000000100000000)
  region size 1024K, 9 young (9216K), 8 survivors (8192K)
 Metaspace       used 92456K, committed 93248K, reserved 503808K
  class space    used 13064K, committed 13440K, reserved 421888K
}
Event: 13.066 GC heap after
{Heap after GC invocations=42 (full 0):
 garbage-first heap   total 199680K, used 114335K [0x0000000080000000, 0x0000000100000000)
  region size 1024K, 2 young (2048K), 2 survivors (2048K)
 Metaspace       used 92456K, committed 93248K, reserved 503808K
  class space    used 13064K, committed 13440K, reserved 421888K
}
Event: 13.411 GC heap before
{Heap before GC invocations=42 (full 0):
 garbage-first heap   total 199680K, used 161439K [0x0000000080000000, 0x0000000100000000)
  region size 1024K, 48 young (49152K), 2 survivors (2048K)
 Metaspace       used 97140K, committed 97984K, reserved 512000K
  class space    used 13725K, committed 14144K, reserved 421888K
}
Event: 13.415 GC heap after
{Heap after GC invocations=43 (full 0):
 garbage-first heap   total 199680K, used 115542K [0x0000000080000000, 0x0000000100000000)
  region size 1024K, 3 young (3072K), 3 survivors (3072K)
 Metaspace       used 97140K, committed 97984K, reserved 512000K
  class space    used 13725K, committed 14144K, reserved 421888K
}
Event: 13.770 GC heap before
{Heap before GC invocations=44 (full 0):
 garbage-first heap   total 203776K, used 163670K [0x0000000080000000, 0x0000000100000000)
  region size 1024K, 50 young (51200K), 3 survivors (3072K)
 Metaspace       used 99219K, committed 100032K, reserved 512000K
  class space    used 13985K, committed 14400K, reserved 421888K
}
Event: 13.775 GC heap after
{Heap after GC invocations=45 (full 0):
 garbage-first heap   total 203776K, used 119252K [0x0000000080000000, 0x0000000100000000)
  region size 1024K, 6 young (6144K), 6 survivors (6144K)
 Metaspace       used 99219K, committed 100032K, reserved 512000K
  class space    used 13985K, committed 14400K, reserved 421888K
}
Event: 13.796 GC heap before
{Heap before GC invocations=45 (full 0):
 garbage-first heap   total 203776K, used 122324K [0x0000000080000000, 0x0000000100000000)
  region size 1024K, 9 young (9216K), 6 survivors (6144K)
 Metaspace       used 99296K, committed 100160K, reserved 512000K
  class space    used 13994K, committed 14400K, reserved 421888K
}
Event: 13.801 GC heap after
{Heap after GC invocations=46 (full 0):
 garbage-first heap   total 433152K, used 120048K [0x0000000080000000, 0x0000000100000000)
  region size 1024K, 1 young (1024K), 1 survivors (1024K)
 Metaspace       used 99296K, committed 100160K, reserved 512000K
  class space    used 13994K, committed 14400K, reserved 421888K
}
Event: 14.957 GC heap before
{Heap before GC invocations=46 (full 0):
 garbage-first heap   total 433152K, used 332016K [0x0000000080000000, 0x0000000100000000)
  region size 1024K, 197 young (201728K), 1 survivors (1024K)
 Metaspace       used 101341K, committed 102272K, reserved 512000K
  class space    used 14278K, committed 14720K, reserved 421888K
}
Event: 14.971 GC heap after
{Heap after GC invocations=47 (full 0):
 garbage-first heap   total 433152K, used 138519K [0x0000000080000000, 0x0000000100000000)
  region size 1024K, 16 young (16384K), 16 survivors (16384K)
 Metaspace       used 101341K, committed 102272K, reserved 512000K
  class space    used 14278K, committed 14720K, reserved 421888K
}
Event: 15.723 GC heap before
{Heap before GC invocations=47 (full 0):
 garbage-first heap   total 433152K, used 357655K [0x0000000080000000, 0x0000000100000000)
  region size 1024K, 200 young (204800K), 16 survivors (16384K)
 Metaspace       used 105063K, committed 105984K, reserved 520192K
  class space    used 14696K, committed 15168K, reserved 421888K
}
Event: 15.740 GC heap after
{Heap after GC invocations=48 (full 0):
 garbage-first heap   total 433152K, used 152134K [0x0000000080000000, 0x0000000100000000)
  region size 1024K, 16 young (16384K), 16 survivors (16384K)
 Metaspace       used 105063K, committed 105984K, reserved 520192K
  class space    used 14696K, committed 15168K, reserved 421888K
}
Event: 17.087 GC heap before
{Heap before GC invocations=48 (full 0):
 garbage-first heap   total 433152K, used 383558K [0x0000000080000000, 0x0000000100000000)
  region size 1024K, 196 young (200704K), 16 survivors (16384K)
 Metaspace       used 114672K, committed 115648K, reserved 528384K
  class space    used 16207K, committed 16704K, reserved 421888K
}
Event: 17.402 GC heap after
{Heap after GC invocations=49 (full 0):
 garbage-first heap   total 444416K, used 223798K [0x0000000080000000, 0x0000000100000000)
  region size 1024K, 25 young (25600K), 25 survivors (25600K)
 Metaspace       used 114672K, committed 115648K, reserved 528384K
  class space    used 16207K, committed 16704K, reserved 421888K
}
Event: 17.714 GC heap before
{Heap before GC invocations=49 (full 0):
 garbage-first heap   total 444416K, used 316982K [0x0000000080000000, 0x0000000100000000)
  region size 1024K, 117 young (119808K), 25 survivors (25600K)
 Metaspace       used 114915K, committed 115968K, reserved 528384K
  class space    used 16226K, committed 16768K, reserved 421888K
}
Event: 17.826 GC heap after
{Heap after GC invocations=50 (full 0):
 garbage-first heap   total 444416K, used 270336K [0x0000000080000000, 0x0000000100000000)
  region size 1024K, 15 young (15360K), 15 survivors (15360K)
 Metaspace       used 114915K, committed 115968K, reserved 528384K
  class space    used 16226K, committed 16768K, reserved 421888K
}
Event: 17.845 GC heap before
{Heap before GC invocations=50 (full 0):
 garbage-first heap   total 444416K, used 275456K [0x0000000080000000, 0x0000000100000000)
  region size 1024K, 21 young (21504K), 15 survivors (15360K)
 Metaspace       used 115052K, committed 116032K, reserved 528384K
  class space    used 16242K, committed 16768K, reserved 421888K
}
Event: 17.864 GC heap after
{Heap after GC invocations=51 (full 0):
 garbage-first heap   total 444416K, used 276032K [0x0000000080000000, 0x0000000100000000)
  region size 1024K, 3 young (3072K), 3 survivors (3072K)
 Metaspace       used 115052K, committed 116032K, reserved 528384K
  class space    used 16242K, committed 16768K, reserved 421888K
}
Event: 18.011 GC heap before
{Heap before GC invocations=51 (full 0):
 garbage-first heap   total 444416K, used 293440K [0x0000000080000000, 0x0000000100000000)
  region size 1024K, 21 young (21504K), 3 survivors (3072K)
 Metaspace       used 116321K, committed 117312K, reserved 528384K
  class space    used 16430K, committed 16960K, reserved 421888K
}

